TCG_ADMIN_BEHAVIOR-LOG.sql
TCG_ADMIN_US-BPM-ROLE-GROUP.sql
TCG_ADMIN_US-CATEGORY.sql
TCG_ADMIN_US-CATEGORY-ROLE.sql
TCG_ADMIN_US-MENU-ITEM.sql
TCG_ADMIN_US-MENU-ITEM-AUX.sql
TCG_ADMIN_US-MENU-ITEM-LABEL.sql
TCG_ADMIN_US-MERCHANT.sql
TCG_ADMIN_US-MERCHANT-MAIL.sql
TCG_ADMIN_US-MERCHANT-OPERATOR.sql
TCG_ADMIN_US-OPERATOR.sql
TCG_ADMIN_US-OPERATOR-PROFILE.sql
TCG_ADMIN_US-OPERATOR-PASSWORD-HISTORY.sql
TCG_ADMIN_US-ROLE.sql
TCG_ADMIN_US-ROLE-MENU-PERMISSION.sql
TCG_ADMIN_US-ROLE-OPERATOR.sql
TCG_ADMIN_US-SECURITY-QUESTION.sql
TCG_ADMIN_US-SYSTEM-PARAM.sql
TCG_ADMIN_WF-STATE.sql
TCG_ADMIN_WF-STATE-LABEL.sql
TCG_ADMIN_WF-TASK.sql
TCG_ADMIN_WF-TASK-TYPE-LABEL.sql
TCG_ADMIN_WF-TRANSACTION.sql
TCG_ADMIN_ALTER-MENUITEM.sql
